D:\文档\VISUAL STUDIO 2012\PROJECTS\CONSOLEAPPLICATION1\CONSOLEAPPLICATION1\DEBUG\MAIN.OBJ
D:\文档\VISUAL STUDIO 2012\PROJECTS\CONSOLEAPPLICATION1\CONSOLEAPPLICATION1\DEBUG\VC110.PDB
D:\文档\Visual Studio 2012\Projects\ConsoleApplication1\Debug\ConsoleApplication1.lib
D:\文档\Visual Studio 2012\Projects\ConsoleApplication1\Debug\ConsoleApplication1.exp
D:\文档\VISUAL STUDIO 2012\PROJECTS\CONSOLEAPPLICATION1\DEBUG\CONSOLEAPPLICATION1.ILK
D:\文档\VISUAL STUDIO 2012\PROJECTS\CONSOLEAPPLICATION1\DEBUG\CONSOLEAPPLICATION1.EXE
D:\文档\VISUAL STUDIO 2012\PROJECTS\CONSOLEAPPLICATION1\DEBUG\CONSOLEAPPLICATION1.PDB
D:\文档\Visual Studio 2012\Projects\ConsoleApplication1\ConsoleApplication1\Debug\main.obj
D:\文档\Visual Studio 2012\Projects\ConsoleApplication1\ConsoleApplication1\Debug\cl.command.1.tlog
D:\文档\Visual Studio 2012\Projects\ConsoleApplication1\ConsoleApplication1\Debug\CL.read.1.tlog
D:\文档\Visual Studio 2012\Projects\ConsoleApplication1\ConsoleApplication1\Debug\CL.write.1.tlog
D:\文档\Visual Studio 2012\Projects\ConsoleApplication1\ConsoleApplication1\Debug\ConsoleApplication1.write.1.tlog
D:\文档\Visual Studio 2012\Projects\ConsoleApplication1\ConsoleApplication1\Debug\link-cvtres.read.1.tlog
D:\文档\Visual Studio 2012\Projects\ConsoleApplication1\ConsoleApplication1\Debug\link-cvtres.write.1.tlog
D:\文档\Visual Studio 2012\Projects\ConsoleApplication1\ConsoleApplication1\Debug\link-rc.read.1.tlog
D:\文档\Visual Studio 2012\Projects\ConsoleApplication1\ConsoleApplication1\Debug\link-rc.write.1.tlog
D:\文档\Visual Studio 2012\Projects\ConsoleApplication1\ConsoleApplication1\Debug\link.command.1.tlog
D:\文档\Visual Studio 2012\Projects\ConsoleApplication1\ConsoleApplication1\Debug\link.read.1.tlog
D:\文档\Visual Studio 2012\Projects\ConsoleApplication1\ConsoleApplication1\Debug\link.write.1.tlog
D:\文档\Visual Studio 2012\Projects\ConsoleApplication1\ConsoleApplication1\Debug\vc110.idb
D:\文档\Visual Studio 2012\Projects\ConsoleApplication1\ConsoleApplication1\Debug\vc110.pdb
D:\文档\Visual Studio 2012\Projects\ConsoleApplication1\Debug\ConsoleApplication1.pdb
D:\文档\Visual Studio 2012\Projects\ConsoleApplication1\Debug\ConsoleApplication1.exe
D:\文档\Visual Studio 2012\Projects\ConsoleApplication1\Debug\ConsoleApplication1.ilk
